<?xml version="1.0" encoding="UTF-8"?>
<testsuites name="TestSuiteDataDriven" time="19.679" tests="2" failures="0" errors="0">
   <testsuite name="TestSuiteDataDriven" tests="2" failures="0" errors="0" time="19.679" skipped="0" timestamp="2022-04-26 14:46:15" hostname="erikabonganay - 127.10.0.4" id="Test Suites/TestSuiteDataDriven">
      <properties>
         <property name="deviceName" value=""/>
         <property name="devicePlatform" value=""/>
         <property name="logFolder" value="/Users/erikabonganay/git/katalon-training/Reports/20220426_144612/TestSuiteDataDriven/20220426_144613"/>
         <property name="logFiles" value="/Users/erikabonganay/git/katalon-training/Reports/20220426_144612/TestSuiteDataDriven/20220426_144613/execution0.log"/>
         <property name="attachments" value=""/>
         <property name="hostName" value="erikabonganay - 127.10.0.4"/>
         <property name="os" value="Mac OS X 64bit"/>
         <property name="katalonVersion" value="8.3.0.208"/>
         <property name="browser" value="Chrome 100.0.4896.127"/>
         <property name="hostAddress" value="127.10.0.4"/>
         <property name="sessionId" value="37f784e69c03e7fb9662fd7b53d817a9"/>
         <property name="seleniumVersion" value="3.141.59"/>
         <property name="proxyInformation" value="ProxyInformation { proxyOption=NO_PROXY, proxyServerType=HTTP, username=, password=********, proxyServerAddress=, proxyServerPort=0, executionList=&quot;&quot;, isApplyToDesiredCapabilities=true }"/>
         <property name="platform" value="Mac OS X"/>
      </properties>
      <testcase name="Test Cases/DataDrivenTest/TestCaseDataDriven" time="10.398" classname="Test Cases/DataDrivenTest/TestCaseDataDriven" status="PASSED">
         <system-out><![CDATA[2022-04-26 14:46:15 - [TEST_CASE][PASSED] - Test Cases/DataDrivenTest/TestCaseDataDriven: Test Cases/DataDrivenTest/TestCaseDataDriven

2022-04-26 14:46:15 - [TEST_STEP][PASSED] - openBrowser("https://demo-store.katalon.com/"): Browser is opened with url: 'https://demo-store.katalon.com/'

2022-04-26 14:46:15 - [MESSAGE][INFO] - Starting 'Chrome' driver

2022-04-26 14:46:15 - [MESSAGE][INFO] - Action delay is set to 0 milliseconds

2022-04-26 14:46:22 - [MESSAGE][PASSED] - Browser is opened with url: 'https://demo-store.katalon.com/'

2022-04-26 14:46:22 - [TEST_STEP][PASSED] - click(findTestObject("Object Repository/DataDriven_OR/Page_Zack Market/div_Zack Market_userHeader_tag__2vbdQ")): Object: 'Object Repository/DataDriven_OR/Page_Zack Market/div_Zack Market_userHeader_tag__2vbdQ' is clicked on

2022-04-26 14:46:22 - [MESSAGE][PASSED] - Object: 'Object Repository/DataDriven_OR/Page_Zack Market/div_Zack Market_userHeader_tag__2vbdQ' is clicked on

2022-04-26 14:46:22 - [TEST_STEP][PASSED] - setText(findTestObject("Object Repository/DataDriven_OR/Page_Zack Market/input_Email_email"), Username): Text 'erika1231@mailinator.com' is set on object 'Object Repository/DataDriven_OR/Page_Zack Market/input_Email_email'

2022-04-26 14:46:23 - [MESSAGE][PASSED] - Text 'erika1231@mailinator.com' is set on object 'Object Repository/DataDriven_OR/Page_Zack Market/input_Email_email'

2022-04-26 14:46:23 - [TEST_STEP][PASSED] - setText(findTestObject("Object Repository/DataDriven_OR/Page_Zack Market/input_Password_password"), Password): Text 'P@55word' is set on object 'Object Repository/DataDriven_OR/Page_Zack Market/input_Password_password'

2022-04-26 14:46:24 - [MESSAGE][PASSED] - Text 'P@55word' is set on object 'Object Repository/DataDriven_OR/Page_Zack Market/input_Password_password'

2022-04-26 14:46:24 - [TEST_STEP][PASSED] - click(findTestObject("Object Repository/DataDriven_OR/Page_Zack Market/input_Required_button_btn__2lzmo")): Object: 'Object Repository/DataDriven_OR/Page_Zack Market/input_Required_button_btn__2lzmo' is clicked on

2022-04-26 14:46:24 - [MESSAGE][PASSED] - Object: 'Object Repository/DataDriven_OR/Page_Zack Market/input_Required_button_btn__2lzmo' is clicked on

2022-04-26 14:46:24 - [TEST_STEP][PASSED] - verifyElementPresent(findTestObject("Object Repository/DataDriven_OR/Page_Zack Market/div_Zack Market"), 0): Object 'Object Repository/DataDriven_OR/Page_Zack Market/div_Zack Market' is present

2022-04-26 14:46:24 - [MESSAGE][WARNING] - Timeout '0' is invalid. Using default page load timeout: '30'

2022-04-26 14:46:25 - [MESSAGE][PASSED] - Object 'Object Repository/DataDriven_OR/Page_Zack Market/div_Zack Market' is present

2022-04-26 14:46:25 - [TEST_STEP][PASSED] - closeBrowser(): Browser is closed

2022-04-26 14:46:25 - [MESSAGE][PASSED] - Browser is closed]]></system-out>
         <system-err><![CDATA[]]></system-err>
      </testcase>
      <testcase name="Test Cases/DataDrivenTest/TestCaseDataDriven" time="9.058" classname="Test Cases/DataDrivenTest/TestCaseDataDriven" status="PASSED">
         <system-out><![CDATA[2022-04-26 14:46:25 - [TEST_CASE][PASSED] - Test Cases/DataDrivenTest/TestCaseDataDriven: Test Cases/DataDrivenTest/TestCaseDataDriven

2022-04-26 14:46:25 - [TEST_STEP][PASSED] - openBrowser("https://demo-store.katalon.com/"): Browser is opened with url: 'https://demo-store.katalon.com/'

2022-04-26 14:46:25 - [MESSAGE][INFO] - Starting 'Chrome' driver

2022-04-26 14:46:25 - [MESSAGE][INFO] - Action delay is set to 0 milliseconds

2022-04-26 14:46:31 - [MESSAGE][PASSED] - Browser is opened with url: 'https://demo-store.katalon.com/'

2022-04-26 14:46:31 - [TEST_STEP][PASSED] - click(findTestObject("Object Repository/DataDriven_OR/Page_Zack Market/div_Zack Market_userHeader_tag__2vbdQ")): Object: 'Object Repository/DataDriven_OR/Page_Zack Market/div_Zack Market_userHeader_tag__2vbdQ' is clicked on

2022-04-26 14:46:31 - [MESSAGE][PASSED] - Object: 'Object Repository/DataDriven_OR/Page_Zack Market/div_Zack Market_userHeader_tag__2vbdQ' is clicked on

2022-04-26 14:46:31 - [TEST_STEP][PASSED] - setText(findTestObject("Object Repository/DataDriven_OR/Page_Zack Market/input_Email_email"), Username): Text 'erikac1231@mailinator.com' is set on object 'Object Repository/DataDriven_OR/Page_Zack Market/input_Email_email'

2022-04-26 14:46:32 - [MESSAGE][PASSED] - Text 'erikac1231@mailinator.com' is set on object 'Object Repository/DataDriven_OR/Page_Zack Market/input_Email_email'

2022-04-26 14:46:32 - [TEST_STEP][PASSED] - setText(findTestObject("Object Repository/DataDriven_OR/Page_Zack Market/input_Password_password"), Password): Text 'P@55word' is set on object 'Object Repository/DataDriven_OR/Page_Zack Market/input_Password_password'

2022-04-26 14:46:33 - [MESSAGE][PASSED] - Text 'P@55word' is set on object 'Object Repository/DataDriven_OR/Page_Zack Market/input_Password_password'

2022-04-26 14:46:33 - [TEST_STEP][PASSED] - click(findTestObject("Object Repository/DataDriven_OR/Page_Zack Market/input_Required_button_btn__2lzmo")): Object: 'Object Repository/DataDriven_OR/Page_Zack Market/input_Required_button_btn__2lzmo' is clicked on

2022-04-26 14:46:33 - [MESSAGE][PASSED] - Object: 'Object Repository/DataDriven_OR/Page_Zack Market/input_Required_button_btn__2lzmo' is clicked on

2022-04-26 14:46:33 - [TEST_STEP][PASSED] - verifyElementPresent(findTestObject("Object Repository/DataDriven_OR/Page_Zack Market/div_Zack Market"), 0): Object 'Object Repository/DataDriven_OR/Page_Zack Market/div_Zack Market' is present

2022-04-26 14:46:33 - [MESSAGE][WARNING] - Timeout '0' is invalid. Using default page load timeout: '30'

2022-04-26 14:46:34 - [MESSAGE][PASSED] - Object 'Object Repository/DataDriven_OR/Page_Zack Market/div_Zack Market' is present

2022-04-26 14:46:34 - [TEST_STEP][PASSED] - closeBrowser(): Browser is closed

2022-04-26 14:46:34 - [MESSAGE][PASSED] - Browser is closed]]></system-out>
         <system-err><![CDATA[]]></system-err>
      </testcase>
      <system-out><![CDATA[2022-04-26 14:46:15 - [TEST_SUITE][PASSED] - TestSuiteDataDriven: Test Cases/DataDrivenTest/TestCaseDataDriven]]></system-out>
      <system-err><![CDATA[]]></system-err>
   </testsuite>
</testsuites>
