<?xml version="1.0" encoding="UTF-8"?>
<testsuites name="TestSuite1" time="55.41" tests="3" failures="0" errors="0">
   <testsuite name="TestSuite1" tests="3" failures="0" errors="0" time="55.41" skipped="0" timestamp="2022-04-26 12:59:09" hostname="erikabonganay - 127.10.0.4" id="Test Suites/TestSuite1">
      <properties>
         <property name="deviceName" value=""/>
         <property name="devicePlatform" value=""/>
         <property name="logFolder" value="/Users/erikabonganay/git/katalon-training/Reports/20220426_125903/TestSuite1/20220426_125904"/>
         <property name="logFiles" value="/Users/erikabonganay/git/katalon-training/Reports/20220426_125903/TestSuite1/20220426_125904/execution0.log"/>
         <property name="attachments" value=""/>
         <property name="hostName" value="erikabonganay - 127.10.0.4"/>
         <property name="os" value="Mac OS X 64bit"/>
         <property name="katalonVersion" value="8.3.0.208"/>
         <property name="browser" value="Chrome 100.0.4896.127"/>
         <property name="hostAddress" value="127.10.0.4"/>
         <property name="sessionId" value="058103dc07e4f2a35b200b4c5c326677"/>
         <property name="seleniumVersion" value="3.141.59"/>
         <property name="proxyInformation" value="ProxyInformation { proxyOption=NO_PROXY, proxyServerType=HTTP, username=, password=********, proxyServerAddress=, proxyServerPort=0, executionList=&quot;&quot;, isApplyToDesiredCapabilities=true }"/>
         <property name="platform" value="Mac OS X"/>
      </properties>
      <testcase name="Test Cases/Test1" time="10.916" classname="Test Cases/Test1" status="PASSED">
         <system-out><![CDATA[2022-04-26 12:59:10 - [TEST_CASE][PASSED] - Test Cases/Test1: Test Cases/Test1

2022-04-26 12:59:10 - [TEST_STEP][PASSED] - openBrowser(""): Browser is opened with url: ''

2022-04-26 12:59:10 - [MESSAGE][INFO] - Starting 'Chrome' driver

2022-04-26 12:59:10 - [MESSAGE][INFO] - Action delay is set to 0 milliseconds

2022-04-26 12:59:12 - [MESSAGE][PASSED] - Browser is opened with url: ''

2022-04-26 12:59:12 - [TEST_STEP][PASSED] - navigateToUrl("https://demo-store.katalon.com/"): Navigate to 'https://demo-store.katalon.com/' successfully

2022-04-26 12:59:17 - [MESSAGE][PASSED] - Navigate to 'https://demo-store.katalon.com/' successfully

2022-04-26 12:59:17 - [TEST_STEP][PASSED] - click(findTestObject("Test1_OR/Page_Zack Market/div_Zack Market_userHeader_tag__2vbdQ")): Object: 'Object Repository/Test1_OR/Page_Zack Market/div_Zack Market_userHeader_tag__2vbdQ' is clicked on

2022-04-26 12:59:18 - [MESSAGE][PASSED] - Object: 'Object Repository/Test1_OR/Page_Zack Market/div_Zack Market_userHeader_tag__2vbdQ' is clicked on

2022-04-26 12:59:18 - [TEST_STEP][PASSED] - setText(findTestObject("Object Repository/Test1_OR/Page_Zack Market/input_Email_email"), "erika1231@mailinator.com"): Text 'erika1231@mailinator.com' is set on object 'Object Repository/Test1_OR/Page_Zack Market/input_Email_email'

2022-04-26 12:59:19 - [MESSAGE][PASSED] - Text 'erika1231@mailinator.com' is set on object 'Object Repository/Test1_OR/Page_Zack Market/input_Email_email'

2022-04-26 12:59:19 - [TEST_STEP][PASSED] - setEncryptedText(findTestObject("Object Repository/Test1_OR/Page_Zack Market/input_Password_password"), "0cU2R0tWEjl49ICU6OTr2A=="): Text ****** has been set on object 'Object Repository/Test1_OR/Page_Zack Market/input_Password_password'

2022-04-26 12:59:19 - [MESSAGE][PASSED] - Text ****** has been set on object 'Object Repository/Test1_OR/Page_Zack Market/input_Password_password'

2022-04-26 12:59:19 - [TEST_STEP][PASSED] - click(findTestObject("Object Repository/Test1_OR/Page_Zack Market/input_Password_button_btn__2lzmo")): Object: 'Object Repository/Test1_OR/Page_Zack Market/input_Password_button_btn__2lzmo' is clicked on

2022-04-26 12:59:19 - [MESSAGE][PASSED] - Object: 'Object Repository/Test1_OR/Page_Zack Market/input_Password_button_btn__2lzmo' is clicked on

2022-04-26 12:59:19 - [TEST_STEP][PASSED] - verifyElementPresent(findTestObject("Object Repository/Test1_OR/Page_Zack Market/div_Zack Market"), 0): Object 'Object Repository/Test1_OR/Page_Zack Market/div_Zack Market' is present

2022-04-26 12:59:19 - [MESSAGE][WARNING] - Timeout '0' is invalid. Using default page load timeout: '30'

2022-04-26 12:59:21 - [MESSAGE][PASSED] - Object 'Object Repository/Test1_OR/Page_Zack Market/div_Zack Market' is present

2022-04-26 12:59:21 - [TEST_STEP][PASSED] - closeBrowser(): Browser is closed

2022-04-26 12:59:21 - [MESSAGE][PASSED] - Browser is closed]]></system-out>
         <system-err><![CDATA[]]></system-err>
      </testcase>
      <testcase name="Test Cases/Test2" time="13.197" classname="Test Cases/Test2" status="PASSED">
         <system-out><![CDATA[2022-04-26 12:59:21 - [TEST_CASE][PASSED] - Test Cases/Test2: Test Cases/Test2

2022-04-26 12:59:21 - [TEST_STEP][PASSED] - openBrowser("https://demo-store.katalon.com/"): Browser is opened with url: 'https://demo-store.katalon.com/'

2022-04-26 12:59:21 - [MESSAGE][INFO] - Starting 'Chrome' driver

2022-04-26 12:59:21 - [MESSAGE][INFO] - Action delay is set to 0 milliseconds

2022-04-26 12:59:25 - [MESSAGE][PASSED] - Browser is opened with url: 'https://demo-store.katalon.com/'

2022-04-26 12:59:25 - [TEST_STEP][PASSED] - click(findTestObject("Test2_OR/Page_Zack Market/div_Zack Market_userHeader_tag__2vbdQ")): Object: 'Object Repository/Test2_OR/Page_Zack Market/div_Zack Market_userHeader_tag__2vbdQ' is clicked on

2022-04-26 12:59:26 - [MESSAGE][PASSED] - Object: 'Object Repository/Test2_OR/Page_Zack Market/div_Zack Market_userHeader_tag__2vbdQ' is clicked on

2022-04-26 12:59:26 - [TEST_STEP][PASSED] - setText(findTestObject("Test2_OR/Page_Zack Market/input_Email_email"), "erika1231@mailinator.com"): Text 'erika1231@mailinator.com' is set on object 'Object Repository/Test2_OR/Page_Zack Market/input_Email_email'

2022-04-26 12:59:27 - [MESSAGE][PASSED] - Text 'erika1231@mailinator.com' is set on object 'Object Repository/Test2_OR/Page_Zack Market/input_Email_email'

2022-04-26 12:59:27 - [TEST_STEP][PASSED] - setText(findTestObject("Test2_OR/Page_Zack Market/input_Password_password"), "P@55word"): Text 'P@55word' is set on object 'Object Repository/Test2_OR/Page_Zack Market/input_Password_password'

2022-04-26 12:59:27 - [MESSAGE][PASSED] - Text 'P@55word' is set on object 'Object Repository/Test2_OR/Page_Zack Market/input_Password_password'

2022-04-26 12:59:27 - [TEST_STEP][PASSED] - click(findTestObject("Test2_OR/Page_Zack Market/input_Password_button_btn__2lzmo")): Object: 'Object Repository/Test2_OR/Page_Zack Market/input_Password_button_btn__2lzmo' is clicked on

2022-04-26 12:59:28 - [MESSAGE][PASSED] - Object: 'Object Repository/Test2_OR/Page_Zack Market/input_Password_button_btn__2lzmo' is clicked on

2022-04-26 12:59:28 - [TEST_STEP][PASSED] - verifyElementPresent(findTestObject("Test2_OR/Page_Zack Market/div_Zack Market"), 0): Object 'Object Repository/Test2_OR/Page_Zack Market/div_Zack Market' is present

2022-04-26 12:59:28 - [MESSAGE][WARNING] - Timeout '0' is invalid. Using default page load timeout: '30'

2022-04-26 12:59:30 - [MESSAGE][PASSED] - Object 'Object Repository/Test2_OR/Page_Zack Market/div_Zack Market' is present

2022-04-26 12:59:30 - [TEST_STEP][PASSED] - click(findTestObject("Test2_OR/Page_Zack Market/a_Women")): Object: 'Object Repository/Test2_OR/Page_Zack Market/a_Women' is clicked on

2022-04-26 12:59:32 - [MESSAGE][PASSED] - Object: 'Object Repository/Test2_OR/Page_Zack Market/a_Women' is clicked on

2022-04-26 12:59:32 - [TEST_STEP][PASSED] - click(findTestObject("Test2_OR/Page_Zack Market/a_Blazer")): Object: 'Object Repository/Test2_OR/Page_Zack Market/a_Blazer' is clicked on

2022-04-26 12:59:34 - [MESSAGE][PASSED] - Object: 'Object Repository/Test2_OR/Page_Zack Market/a_Blazer' is clicked on

2022-04-26 12:59:34 - [TEST_STEP][PASSED] - closeBrowser(): Browser is closed

2022-04-26 12:59:34 - [MESSAGE][PASSED] - Browser is closed]]></system-out>
         <system-err><![CDATA[]]></system-err>
      </testcase>
      <testcase name="Test Cases/Test3" time="31.069" classname="Test Cases/Test3" status="PASSED">
         <system-out><![CDATA[2022-04-26 12:59:34 - [TEST_CASE][PASSED] - Test Cases/Test3: Test Cases/Test3

2022-04-26 12:59:34 - [TEST_STEP][PASSED] - openBrowser("https://lifecharger.org"): Browser is opened with url: 'https://lifecharger.org'

2022-04-26 12:59:34 - [MESSAGE][INFO] - Starting 'Chrome' driver

2022-04-26 12:59:34 - [MESSAGE][INFO] - Action delay is set to 0 milliseconds

2022-04-26 12:59:49 - [MESSAGE][PASSED] - Browser is opened with url: 'https://lifecharger.org'

2022-04-26 12:59:49 - [TEST_STEP][PASSED] - setText(findTestObject("Test3_OR/Page_Life Charger   a new beginning/input_Search for_s"), "Life"): Text 'Life' is set on object 'Object Repository/Test3_OR/Page_Life Charger   a new beginning/input_Search for_s'

2022-04-26 12:59:53 - [MESSAGE][PASSED] - Text 'Life' is set on object 'Object Repository/Test3_OR/Page_Life Charger   a new beginning/input_Search for_s'

2022-04-26 12:59:53 - [TEST_STEP][PASSED] - click(findTestObject("Test3_OR/Page_Life Charger   a new beginning/button_Search for_search-submit")): Object: 'Object Repository/Test3_OR/Page_Life Charger   a new beginning/button_Search for_search-submit' is clicked on

2022-04-26 12:59:59 - [MESSAGE][PASSED] - Object: 'Object Repository/Test3_OR/Page_Life Charger   a new beginning/button_Search for_search-submit' is clicked on

2022-04-26 12:59:59 - [TEST_STEP][PASSED] - click(findTestObject("Test3_OR/Page_Make the rest of your life the best of your life  Life Charger/a_Make the rest of your life the best of your life")): Object: 'Object Repository/Test3_OR/Page_Make the rest of your life the best of your life  Life Charger/a_Make the rest of your life the best of your life' is clicked on

2022-04-26 13:00:03 - [MESSAGE][PASSED] - Object: 'Object Repository/Test3_OR/Page_Make the rest of your life the best of your life  Life Charger/a_Make the rest of your life the best of your life' is clicked on

2022-04-26 13:00:03 - [TEST_STEP][PASSED] - verifyElementPresent(findTestObject("Test3_OR/Page_Search Results for life  Life Charger/a_Make the rest of your life the best of your life"), 0): Object 'Object Repository/Test3_OR/Page_Search Results for life  Life Charger/a_Make the rest of your life the best of your life' is present

2022-04-26 13:00:03 - [MESSAGE][WARNING] - Timeout '0' is invalid. Using default page load timeout: '30'

2022-04-26 13:00:05 - [MESSAGE][PASSED] - Object 'Object Repository/Test3_OR/Page_Search Results for life  Life Charger/a_Make the rest of your life the best of your life' is present

2022-04-26 13:00:05 - [TEST_STEP][PASSED] - closeBrowser(): Browser is closed

2022-04-26 13:00:05 - [MESSAGE][PASSED] - Browser is closed]]></system-out>
         <system-err><![CDATA[]]></system-err>
      </testcase>
      <system-out><![CDATA[2022-04-26 12:59:09 - [TEST_SUITE][PASSED] - TestSuite1: Test Cases/Test3]]></system-out>
      <system-err><![CDATA[]]></system-err>
   </testsuite>
</testsuites>
